2022-11-01 21:19:19.210  INFO 60224 --- [main] lavalink.server.Launcher                 : 

[32m       .  [31m _                  _ _       _    [32m__ _ _
[32m      /\\ [31m| | __ ___   ____ _| (_)_ __ | | __[32m\ \ \ \
[32m     ( ( )[31m| |/ _` \ \ / / _` | | | '_ \| |/ /[32m \ \ \ \
[32m      \\/ [31m| | (_| |\ V / (_| | | | | | |   < [32m  ) ) ) )
[32m       '  [31m|_|\__,_| \_/ \__,_|_|_|_| |_|_|\_\[32m / / / /
[0m    =========================================[32m/_/_/_/[0m

	Version:        eec629def799086d30e7df25f03c398d64357783-SNAPSHOT
	Build:          1342
	Build time:     22.02.2022 11:17:22 UTC
	Branch          master
	Commit:         eec629d
	Commit time:    22.02.2022 11:14:41 UTC
	JVM:            17.0.4.1
	Lavaplayer      1.3.96-original

2022-11-01 21:19:19.289  INFO 60224 --- [main] lavalink.server.Launcher                 : Starting Launcher on Deniz-PC with PID 60224 (C:\Users\Deniz\Documents\GitHub\final-bot-ordner\Lavalink.jar started by Deniz in C:\Users\Deniz\Documents\GitHub\final-bot-ordner)
2022-11-01 21:19:19.290  INFO 60224 --- [main] lavalink.server.Launcher                 : No active profile set, falling back to default profiles: default
2022-11-01 21:19:19.366  WARN 60224 --- [background-preinit] o.s.h.c.j.Jackson2ObjectMapperBuilder    : For Jackson Kotlin classes support please add "com.fasterxml.jackson.module:jackson-module-kotlin" to the classpath
2022-11-01 21:19:20.205  WARN 60224 --- [main] io.undertow.websockets.jsr               : UT026010: Buffer pool was not set on WebSocketDeploymentInfo, the default pool will be used
2022-11-01 21:19:20.224  INFO 60224 --- [main] io.undertow.servlet                      : Initializing Spring embedded WebApplicationContext
2022-11-01 21:19:20.224  INFO 60224 --- [main] o.s.web.context.ContextLoader            : Root WebApplicationContext: initialization completed in 899 ms
2022-11-01 21:19:20.468  WARN 60224 --- [main] l.server.config.SentryConfiguration      : Turning off sentry
2022-11-01 21:19:20.690  INFO 60224 --- [main] c.s.d.l.tools.GarbageCollectionMonitor   : GC monitoring enabled, reporting results every 2 minutes.
2022-11-01 21:19:20.864  INFO 60224 --- [main] lavalink.server.config.KoeConfiguration  : OS: Windows 11, Arch: amd64
2022-11-01 21:19:20.865  WARN 60224 --- [main] lavalink.server.config.KoeConfiguration  : This system and architecture appears to not support native audio sending! GC pauses may cause your bot to stutter during playback.
2022-11-01 21:19:21.013  INFO 60224 --- [main] o.s.s.concurrent.ThreadPoolTaskExecutor  : Initializing ExecutorService 'applicationTaskExecutor'
2022-11-01 21:19:21.219  INFO 60224 --- [main] org.xnio                                 : XNIO version 3.3.8.Final
2022-11-01 21:19:21.226  INFO 60224 --- [main] org.xnio.nio                             : XNIO NIO Implementation Version 3.3.8.Final
2022-11-01 21:19:21.270  INFO 60224 --- [main] o.s.b.w.e.u.UndertowServletWebServer     : Undertow started on port(s) 3000 (http) with context path ''
2022-11-01 21:19:21.272  INFO 60224 --- [main] lavalink.server.Launcher                 : Started Launcher in 2.418 seconds (JVM running for 2.827)
2022-11-01 21:19:21.273  INFO 60224 --- [main] lavalink.server.Launcher                 : You can safely ignore the big red warning about illegal reflection. See https://github.com/freyacodes/Lavalink/issues/295
2022-11-01 21:20:18.505  INFO 60224 --- [XNIO-1 task-1] io.undertow.servlet                      : Initializing Spring DispatcherServlet 'dispatcherServlet'
2022-11-01 21:20:18.506  INFO 60224 --- [XNIO-1 task-1] o.s.web.servlet.DispatcherServlet        : Initializing Servlet 'dispatcherServlet'
2022-11-01 21:20:18.509  INFO 60224 --- [XNIO-1 task-1] o.s.web.servlet.DispatcherServlet        : Completed initialization in 3 ms
2022-11-01 21:20:18.519  INFO 60224 --- [XNIO-1 task-1] l.server.io.HandshakeInterceptorImpl     : Incoming connection from /127.0.0.1:61293
2022-11-01 21:20:18.554  INFO 60224 --- [XNIO-1 task-1] lavalink.server.io.SocketServer          : Connection successfully established from erela.js
2022-11-01 21:20:33.584  INFO 60224 --- [XNIO-1 task-2] l.server.player.AudioLoaderRestHandler   : Got request to load for identifier "https://www.youtube.com/watch?v=FrG4TEcSuRg"
2022-11-01 21:20:34.584  INFO 60224 --- [lava-daemon-pool-info-loader-2-thread-1] lavalink.server.player.AudioLoader       : Loaded track PSY - DADDY(feat. CL of 2NE1) M/V
2022-11-01 21:20:34.615  INFO 60224 --- [XNIO-1 I/O-6] lavalink.server.io.SocketServer          : {"op":"volume","guildId":"737734007512498226","volume":100}
2022-11-01 21:20:34.617  INFO 60224 --- [XNIO-1 I/O-6] lavalink.server.io.SocketServer          : {"op":"play","guildId":"737734007512498226","track":"QAAAhgIAIVBTWSAtIERBRERZKGZlYXQuIENMIG9mIDJORTEpIE0vVgALb2ZmaWNpYWxwc3kAAAAAAAO9CAALRnJHNFRFY1N1UmcAAQAraHR0cHM6Ly93d3cueW91dHViZS5jb20vd2F0Y2g/dj1Gckc0VEVjU3VSZwAHeW91dHViZQAAAAAAAAAA"}
2022-11-01 21:20:34.833  INFO 60224 --- [XNIO-1 I/O-6] lavalink.server.io.SocketServer          : {"sessionId":"cf02471c6418328be452b0957ce4a921","op":"voiceUpdate","guildId":"737734007512498226","event":{"token":"9173063179b19614","guild_id":"737734007512498226","endpoint":"rotterdam5214.discord.media:443"}}
2022-11-01 21:24:51.352  INFO 60224 --- [XNIO-1 task-4] l.server.player.AudioLoaderRestHandler   : Got request to load for identifier "https://www.youtube.com/watch?v=FrG4TEcSuRg"
2022-11-01 21:24:51.568  INFO 60224 --- [lava-daemon-pool-info-loader-2-thread-1] lavalink.server.player.AudioLoader       : Loaded track PSY - DADDY(feat. CL of 2NE1) M/V
2022-11-01 21:24:51.571  INFO 60224 --- [XNIO-1 I/O-6] lavalink.server.io.SocketServer          : {"op":"play","guildId":"737734007512498226","track":"QAAAhgIAIVBTWSAtIERBRERZKGZlYXQuIENMIG9mIDJORTEpIE0vVgALb2ZmaWNpYWxwc3kAAAAAAAO9CAALRnJHNFRFY1N1UmcAAQAraHR0cHM6Ly93d3cueW91dHViZS5jb20vd2F0Y2g/dj1Gckc0VEVjU3VSZwAHeW91dHViZQAAAAAAAAAA"}
2022-11-01 21:25:47.730  INFO 60224 --- [XNIO-1 task-6] l.server.io.HandshakeInterceptorImpl     : Incoming connection from /127.0.0.1:50652
2022-11-01 21:25:47.733  INFO 60224 --- [XNIO-1 task-6] lavalink.server.io.SocketServer          : Connection successfully established from erela.js
2022-11-01 21:25:57.029  INFO 60224 --- [XNIO-1 I/O-13] lavalink.server.io.SocketServer          : Connection closed from /127.0.0.1:50652 -- CloseStatus[code=1006, reason=]
2022-11-01 21:25:57.029  INFO 60224 --- [XNIO-1 I/O-13] lavalink.server.io.SocketContext         : Shutting down 0 playing players.
2022-11-01 21:28:07.302  INFO 60224 --- [XNIO-1 task-7] l.server.io.HandshakeInterceptorImpl     : Incoming connection from /127.0.0.1:50982
2022-11-01 21:28:07.304  INFO 60224 --- [XNIO-1 task-7] lavalink.server.io.SocketServer          : Connection successfully established from erela.js
2022-11-01 21:28:14.551  INFO 60224 --- [XNIO-1 I/O-7] lavalink.server.io.SocketServer          : Connection closed from /127.0.0.1:50982 -- CloseStatus[code=1006, reason=]
2022-11-01 21:28:14.551  INFO 60224 --- [XNIO-1 I/O-7] lavalink.server.io.SocketContext         : Shutting down 0 playing players.
2022-11-01 21:28:57.141  INFO 60224 --- [XNIO-1 I/O-6] lavalink.server.io.SocketServer          : {"op":"play","guildId":"737734007512498226","track":"QAAAhgIAIVBTWSAtIERBRERZKGZlYXQuIENMIG9mIDJORTEpIE0vVgALb2ZmaWNpYWxwc3kAAAAAAAO9CAALRnJHNFRFY1N1UmcAAQAraHR0cHM6Ly93d3cueW91dHViZS5jb20vd2F0Y2g/dj1Gckc0VEVjU3VSZwAHeW91dHViZQAAAAAAAAAA"}
2022-11-01 21:31:33.417  INFO 60224 --- [XNIO-1 task-8] l.server.io.HandshakeInterceptorImpl     : Incoming connection from /127.0.0.1:51321
2022-11-01 21:31:33.419  INFO 60224 --- [XNIO-1 task-8] lavalink.server.io.SocketServer          : Connection successfully established from erela.js
2022-11-01 21:32:01.925  INFO 60224 --- [XNIO-1 I/O-2] lavalink.server.io.SocketServer          : Connection closed from /127.0.0.1:51321 -- CloseStatus[code=1006, reason=]
2022-11-01 21:32:01.926  INFO 60224 --- [XNIO-1 I/O-2] lavalink.server.io.SocketContext         : Shutting down 0 playing players.
2022-11-01 21:33:02.837  INFO 60224 --- [XNIO-1 I/O-6] lavalink.server.io.SocketServer          : {"op":"play","guildId":"737734007512498226","track":"QAAAhgIAIVBTWSAtIERBRERZKGZlYXQuIENMIG9mIDJORTEpIE0vVgALb2ZmaWNpYWxwc3kAAAAAAAO9CAALRnJHNFRFY1N1UmcAAQAraHR0cHM6Ly93d3cueW91dHViZS5jb20vd2F0Y2g/dj1Gckc0VEVjU3VSZwAHeW91dHViZQAAAAAAAAAA"}
2022-11-01 21:37:08.538  INFO 60224 --- [XNIO-1 I/O-6] lavalink.server.io.SocketServer          : {"op":"play","guildId":"737734007512498226","track":"QAAAhgIAIVBTWSAtIERBRERZKGZlYXQuIENMIG9mIDJORTEpIE0vVgALb2ZmaWNpYWxwc3kAAAAAAAO9CAALRnJHNFRFY1N1UmcAAQAraHR0cHM6Ly93d3cueW91dHViZS5jb20vd2F0Y2g/dj1Gckc0VEVjU3VSZwAHeW91dHViZQAAAAAAAAAA"}
2022-11-01 21:41:14.192  INFO 60224 --- [XNIO-1 I/O-6] lavalink.server.io.SocketServer          : {"op":"play","guildId":"737734007512498226","track":"QAAAhgIAIVBTWSAtIERBRERZKGZlYXQuIENMIG9mIDJORTEpIE0vVgALb2ZmaWNpYWxwc3kAAAAAAAO9CAALRnJHNFRFY1N1UmcAAQAraHR0cHM6Ly93d3cueW91dHViZS5jb20vd2F0Y2g/dj1Gckc0VEVjU3VSZwAHeW91dHViZQAAAAAAAAAA"}
2022-11-01 21:45:19.879  INFO 60224 --- [XNIO-1 I/O-6] lavalink.server.io.SocketServer          : {"op":"play","guildId":"737734007512498226","track":"QAAAhgIAIVBTWSAtIERBRERZKGZlYXQuIENMIG9mIDJORTEpIE0vVgALb2ZmaWNpYWxwc3kAAAAAAAO9CAALRnJHNFRFY1N1UmcAAQAraHR0cHM6Ly93d3cueW91dHViZS5jb20vd2F0Y2g/dj1Gckc0VEVjU3VSZwAHeW91dHViZQAAAAAAAAAA"}
2022-11-01 21:49:25.595  INFO 60224 --- [XNIO-1 I/O-6] lavalink.server.io.SocketServer          : {"op":"play","guildId":"737734007512498226","track":"QAAAhgIAIVBTWSAtIERBRERZKGZlYXQuIENMIG9mIDJORTEpIE0vVgALb2ZmaWNpYWxwc3kAAAAAAAO9CAALRnJHNFRFY1N1UmcAAQAraHR0cHM6Ly93d3cueW91dHViZS5jb20vd2F0Y2g/dj1Gckc0VEVjU3VSZwAHeW91dHViZQAAAAAAAAAA"}
